Created by PLY version 3.11 (http://www.dabeaz.com/ply)

Grammar

Rule 0     S' -> program
Rule 1     program -> logic options decls asserts build
Rule 2     program -> logic decls asserts build
Rule 3     logic -> LPAREN SETLOGIC QF_SLIA RPAREN
Rule 4     logic -> LPAREN SETLOGIC QF_S RPAREN
Rule 5     options -> option
Rule 6     options -> options option
Rule 7     option -> LPAREN SETOPTION COLON optionname BOOL RPAREN
Rule 8     optionname -> PRODUCEMODELS
Rule 9     optionname -> STRINGSEXP
Rule 10    decls -> decl
Rule 11    decls -> decls decl
Rule 12    decl -> LPAREN DECLAREFUN ID LPAREN RPAREN STRING RPAREN
Rule 13    asserts -> assert
Rule 14    asserts -> asserts assert
Rule 15    assert -> LPAREN ASSERT expr RPAREN
Rule 16    expr -> pred
Rule 17    expr -> LPAREN AND exprs RPAREN
Rule 18    expr -> LPAREN OR exprs RPAREN
Rule 19    expr -> LPAREN NOT expr RPAREN
Rule 20    exprs -> expr
Rule 21    exprs -> exprs expr
Rule 22    pred -> LPAREN EQUALS str str RPAREN
Rule 23    pred -> LPAREN CONTAINS str const RPAREN
Rule 24    pred -> LPAREN CONTAINS str error RPAREN
Rule 25    str -> ID
Rule 26    str -> const
Rule 27    str -> LPAREN CONCAT strs RPAREN
Rule 28    const -> CONST
Rule 29    str -> LPAREN REPLACEALL str const const RPAREN
Rule 30    str -> LPAREN REPLACEALL str error const RPAREN
Rule 31    str -> LPAREN REPLACEALL str const error RPAREN
Rule 32    str -> LPAREN REPLACEALL str error error RPAREN
Rule 33    strs -> str
Rule 34    strs -> strs str
Rule 35    build -> LPAREN CHECKSAT RPAREN LPAREN GETMODEL RPAREN

Terminals, with rules where they appear

AND                  : 17
ASSERT               : 15
BOOL                 : 7
CHECKSAT             : 35
COLON                : 7
CONCAT               : 27
CONST                : 28
CONTAINS             : 23 24
DECLAREFUN           : 12
EQUALS               : 22
GETMODEL             : 35
ID                   : 12 25
LPAREN               : 3 4 7 12 12 15 17 18 19 22 23 24 27 29 30 31 32 35 35
NOT                  : 19
OR                   : 18
PRODUCEMODELS        : 8
QF_S                 : 4
QF_SLIA              : 3
REPLACEALL           : 29 30 31 32
RPAREN               : 3 4 7 12 12 15 17 18 19 22 23 24 27 29 30 31 32 35 35
SETLOGIC             : 3 4
SETOPTION            : 7
STRING               : 12
STRINGSEXP           : 9
error                : 24 30 31 32 32

Nonterminals, with rules where they appear

assert               : 13 14
asserts              : 1 2 14
build                : 1 2
const                : 23 26 29 29 30 31
decl                 : 10 11
decls                : 1 2 11
expr                 : 15 19 20 21
exprs                : 17 18 21
logic                : 1 2
option               : 5 6
optionname           : 7
options              : 1 6
pred                 : 16
program              : 0
str                  : 22 22 23 24 29 30 31 32 33 34
strs                 : 27 34

Parsing method: LALR

state 0

    (0) S' -> . program
    (1) program -> . logic options decls asserts build
    (2) program -> . logic decls asserts build
    (3) logic -> . LPAREN SETLOGIC QF_SLIA RPAREN
    (4) logic -> . LPAREN SETLOGIC QF_S RPAREN

    LPAREN          shift and go to state 3

    program                        shift and go to state 1
    logic                          shift and go to state 2

state 1

    (0) S' -> program .



state 2

    (1) program -> logic . options decls asserts build
    (2) program -> logic . decls asserts build
    (5) options -> . option
    (6) options -> . options option
    (10) decls -> . decl
    (11) decls -> . decls decl
    (7) option -> . LPAREN SETOPTION COLON optionname BOOL RPAREN
    (12) decl -> . LPAREN DECLAREFUN ID LPAREN RPAREN STRING RPAREN

    LPAREN          shift and go to state 8

    options                        shift and go to state 4
    decls                          shift and go to state 5
    option                         shift and go to state 6
    decl                           shift and go to state 7

state 3

    (3) logic -> LPAREN . SETLOGIC QF_SLIA RPAREN
    (4) logic -> LPAREN . SETLOGIC QF_S RPAREN

    SETLOGIC        shift and go to state 9


state 4

    (1) program -> logic options . decls asserts build
    (6) options -> options . option
    (10) decls -> . decl
    (11) decls -> . decls decl
    (7) option -> . LPAREN SETOPTION COLON optionname BOOL RPAREN
    (12) decl -> . LPAREN DECLAREFUN ID LPAREN RPAREN STRING RPAREN

    LPAREN          shift and go to state 8

    decls                          shift and go to state 10
    option                         shift and go to state 11
    decl                           shift and go to state 7

state 5

    (2) program -> logic decls . asserts build
    (11) decls -> decls . decl
    (13) asserts -> . assert
    (14) asserts -> . asserts assert
    (12) decl -> . LPAREN DECLAREFUN ID LPAREN RPAREN STRING RPAREN
    (15) assert -> . LPAREN ASSERT expr RPAREN

    LPAREN          shift and go to state 15

    asserts                        shift and go to state 12
    decl                           shift and go to state 13
    assert                         shift and go to state 14

state 6

    (5) options -> option .

    LPAREN          reduce using rule 5 (options -> option .)


state 7

    (10) decls -> decl .

    LPAREN          reduce using rule 10 (decls -> decl .)


state 8

    (7) option -> LPAREN . SETOPTION COLON optionname BOOL RPAREN
    (12) decl -> LPAREN . DECLAREFUN ID LPAREN RPAREN STRING RPAREN

    SETOPTION       shift and go to state 16
    DECLAREFUN      shift and go to state 17


state 9

    (3) logic -> LPAREN SETLOGIC . QF_SLIA RPAREN
    (4) logic -> LPAREN SETLOGIC . QF_S RPAREN

    QF_SLIA         shift and go to state 18
    QF_S            shift and go to state 19


state 10

    (1) program -> logic options decls . asserts build
    (11) decls -> decls . decl
    (13) asserts -> . assert
    (14) asserts -> . asserts assert
    (12) decl -> . LPAREN DECLAREFUN ID LPAREN RPAREN STRING RPAREN
    (15) assert -> . LPAREN ASSERT expr RPAREN

    LPAREN          shift and go to state 15

    asserts                        shift and go to state 20
    decl                           shift and go to state 13
    assert                         shift and go to state 14

state 11

    (6) options -> options option .

    LPAREN          reduce using rule 6 (options -> options option .)


state 12

    (2) program -> logic decls asserts . build
    (14) asserts -> asserts . assert
    (35) build -> . LPAREN CHECKSAT RPAREN LPAREN GETMODEL RPAREN
    (15) assert -> . LPAREN ASSERT expr RPAREN

    LPAREN          shift and go to state 23

    build                          shift and go to state 21
    assert                         shift and go to state 22

state 13

    (11) decls -> decls decl .

    LPAREN          reduce using rule 11 (decls -> decls decl .)


state 14

    (13) asserts -> assert .

    LPAREN          reduce using rule 13 (asserts -> assert .)


state 15

    (12) decl -> LPAREN . DECLAREFUN ID LPAREN RPAREN STRING RPAREN
    (15) assert -> LPAREN . ASSERT expr RPAREN

    DECLAREFUN      shift and go to state 17
    ASSERT          shift and go to state 24


state 16

    (7) option -> LPAREN SETOPTION . COLON optionname BOOL RPAREN

    COLON           shift and go to state 25


state 17

    (12) decl -> LPAREN DECLAREFUN . ID LPAREN RPAREN STRING RPAREN

    ID              shift and go to state 26


state 18

    (3) logic -> LPAREN SETLOGIC QF_SLIA . RPAREN

    RPAREN          shift and go to state 27


state 19

    (4) logic -> LPAREN SETLOGIC QF_S . RPAREN

    RPAREN          shift and go to state 28


state 20

    (1) program -> logic options decls asserts . build
    (14) asserts -> asserts . assert
    (35) build -> . LPAREN CHECKSAT RPAREN LPAREN GETMODEL RPAREN
    (15) assert -> . LPAREN ASSERT expr RPAREN

    LPAREN          shift and go to state 23

    build                          shift and go to state 29
    assert                         shift and go to state 22

state 21

    (2) program -> logic decls asserts build .

    $end            reduce using rule 2 (program -> logic decls asserts build .)


state 22

    (14) asserts -> asserts assert .

    LPAREN          reduce using rule 14 (asserts -> asserts assert .)


state 23

    (35) build -> LPAREN . CHECKSAT RPAREN LPAREN GETMODEL RPAREN
    (15) assert -> LPAREN . ASSERT expr RPAREN

    CHECKSAT        shift and go to state 30
    ASSERT          shift and go to state 24


state 24

    (15) assert -> LPAREN ASSERT . expr RPAREN
    (16) expr -> . pred
    (17) expr -> . LPAREN AND exprs RPAREN
    (18) expr -> . LPAREN OR exprs RPAREN
    (19) expr -> . LPAREN NOT expr RPAREN
    (22) pred -> . LPAREN EQUALS str str RPAREN
    (23) pred -> . LPAREN CONTAINS str const RPAREN
    (24) pred -> . LPAREN CONTAINS str error RPAREN

    LPAREN          shift and go to state 31

    expr                           shift and go to state 32
    pred                           shift and go to state 33

state 25

    (7) option -> LPAREN SETOPTION COLON . optionname BOOL RPAREN
    (8) optionname -> . PRODUCEMODELS
    (9) optionname -> . STRINGSEXP

    PRODUCEMODELS   shift and go to state 35
    STRINGSEXP      shift and go to state 36

    optionname                     shift and go to state 34

state 26

    (12) decl -> LPAREN DECLAREFUN ID . LPAREN RPAREN STRING RPAREN

    LPAREN          shift and go to state 37


state 27

    (3) logic -> LPAREN SETLOGIC QF_SLIA RPAREN .

    LPAREN          reduce using rule 3 (logic -> LPAREN SETLOGIC QF_SLIA RPAREN .)


state 28

    (4) logic -> LPAREN SETLOGIC QF_S RPAREN .

    LPAREN          reduce using rule 4 (logic -> LPAREN SETLOGIC QF_S RPAREN .)


state 29

    (1) program -> logic options decls asserts build .

    $end            reduce using rule 1 (program -> logic options decls asserts build .)


state 30

    (35) build -> LPAREN CHECKSAT . RPAREN LPAREN GETMODEL RPAREN

    RPAREN          shift and go to state 38


state 31

    (17) expr -> LPAREN . AND exprs RPAREN
    (18) expr -> LPAREN . OR exprs RPAREN
    (19) expr -> LPAREN . NOT expr RPAREN
    (22) pred -> LPAREN . EQUALS str str RPAREN
    (23) pred -> LPAREN . CONTAINS str const RPAREN
    (24) pred -> LPAREN . CONTAINS str error RPAREN

    AND             shift and go to state 39
    OR              shift and go to state 40
    NOT             shift and go to state 41
    EQUALS          shift and go to state 42
    CONTAINS        shift and go to state 43


state 32

    (15) assert -> LPAREN ASSERT expr . RPAREN

    RPAREN          shift and go to state 44


state 33

    (16) expr -> pred .

    RPAREN          reduce using rule 16 (expr -> pred .)
    LPAREN          reduce using rule 16 (expr -> pred .)


state 34

    (7) option -> LPAREN SETOPTION COLON optionname . BOOL RPAREN

    BOOL            shift and go to state 45


state 35

    (8) optionname -> PRODUCEMODELS .

    BOOL            reduce using rule 8 (optionname -> PRODUCEMODELS .)


state 36

    (9) optionname -> STRINGSEXP .

    BOOL            reduce using rule 9 (optionname -> STRINGSEXP .)


state 37

    (12) decl -> LPAREN DECLAREFUN ID LPAREN . RPAREN STRING RPAREN

    RPAREN          shift and go to state 46


state 38

    (35) build -> LPAREN CHECKSAT RPAREN . LPAREN GETMODEL RPAREN

    LPAREN          shift and go to state 47


state 39

    (17) expr -> LPAREN AND . exprs RPAREN
    (20) exprs -> . expr
    (21) exprs -> . exprs expr
    (16) expr -> . pred
    (17) expr -> . LPAREN AND exprs RPAREN
    (18) expr -> . LPAREN OR exprs RPAREN
    (19) expr -> . LPAREN NOT expr RPAREN
    (22) pred -> . LPAREN EQUALS str str RPAREN
    (23) pred -> . LPAREN CONTAINS str const RPAREN
    (24) pred -> . LPAREN CONTAINS str error RPAREN

    LPAREN          shift and go to state 31

    exprs                          shift and go to state 48
    expr                           shift and go to state 49
    pred                           shift and go to state 33

state 40

    (18) expr -> LPAREN OR . exprs RPAREN
    (20) exprs -> . expr
    (21) exprs -> . exprs expr
    (16) expr -> . pred
    (17) expr -> . LPAREN AND exprs RPAREN
    (18) expr -> . LPAREN OR exprs RPAREN
    (19) expr -> . LPAREN NOT expr RPAREN
    (22) pred -> . LPAREN EQUALS str str RPAREN
    (23) pred -> . LPAREN CONTAINS str const RPAREN
    (24) pred -> . LPAREN CONTAINS str error RPAREN

    LPAREN          shift and go to state 31

    exprs                          shift and go to state 50
    expr                           shift and go to state 49
    pred                           shift and go to state 33

state 41

    (19) expr -> LPAREN NOT . expr RPAREN
    (16) expr -> . pred
    (17) expr -> . LPAREN AND exprs RPAREN
    (18) expr -> . LPAREN OR exprs RPAREN
    (19) expr -> . LPAREN NOT expr RPAREN
    (22) pred -> . LPAREN EQUALS str str RPAREN
    (23) pred -> . LPAREN CONTAINS str const RPAREN
    (24) pred -> . LPAREN CONTAINS str error RPAREN

    LPAREN          shift and go to state 31

    expr                           shift and go to state 51
    pred                           shift and go to state 33

state 42

    (22) pred -> LPAREN EQUALS . str str RPAREN
    (25) str -> . ID
    (26) str -> . const
    (27) str -> . LPAREN CONCAT strs RPAREN
    (29) str -> . LPAREN REPLACEALL str const const RPAREN
    (30) str -> . LPAREN REPLACEALL str error const RPAREN
    (31) str -> . LPAREN REPLACEALL str const error RPAREN
    (32) str -> . LPAREN REPLACEALL str error error RPAREN
    (28) const -> . CONST

    ID              shift and go to state 54
    LPAREN          shift and go to state 52
    CONST           shift and go to state 56

    str                            shift and go to state 53
    const                          shift and go to state 55

state 43

    (23) pred -> LPAREN CONTAINS . str const RPAREN
    (24) pred -> LPAREN CONTAINS . str error RPAREN
    (25) str -> . ID
    (26) str -> . const
    (27) str -> . LPAREN CONCAT strs RPAREN
    (29) str -> . LPAREN REPLACEALL str const const RPAREN
    (30) str -> . LPAREN REPLACEALL str error const RPAREN
    (31) str -> . LPAREN REPLACEALL str const error RPAREN
    (32) str -> . LPAREN REPLACEALL str error error RPAREN
    (28) const -> . CONST

    ID              shift and go to state 54
    LPAREN          shift and go to state 52
    CONST           shift and go to state 56

    str                            shift and go to state 57
    const                          shift and go to state 55

state 44

    (15) assert -> LPAREN ASSERT expr RPAREN .

    LPAREN          reduce using rule 15 (assert -> LPAREN ASSERT expr RPAREN .)


state 45

    (7) option -> LPAREN SETOPTION COLON optionname BOOL . RPAREN

    RPAREN          shift and go to state 58


state 46

    (12) decl -> LPAREN DECLAREFUN ID LPAREN RPAREN . STRING RPAREN

    STRING          shift and go to state 59


state 47

    (35) build -> LPAREN CHECKSAT RPAREN LPAREN . GETMODEL RPAREN

    GETMODEL        shift and go to state 60


state 48

    (17) expr -> LPAREN AND exprs . RPAREN
    (21) exprs -> exprs . expr
    (16) expr -> . pred
    (17) expr -> . LPAREN AND exprs RPAREN
    (18) expr -> . LPAREN OR exprs RPAREN
    (19) expr -> . LPAREN NOT expr RPAREN
    (22) pred -> . LPAREN EQUALS str str RPAREN
    (23) pred -> . LPAREN CONTAINS str const RPAREN
    (24) pred -> . LPAREN CONTAINS str error RPAREN

    RPAREN          shift and go to state 61
    LPAREN          shift and go to state 31

    expr                           shift and go to state 62
    pred                           shift and go to state 33

state 49

    (20) exprs -> expr .

    RPAREN          reduce using rule 20 (exprs -> expr .)
    LPAREN          reduce using rule 20 (exprs -> expr .)


state 50

    (18) expr -> LPAREN OR exprs . RPAREN
    (21) exprs -> exprs . expr
    (16) expr -> . pred
    (17) expr -> . LPAREN AND exprs RPAREN
    (18) expr -> . LPAREN OR exprs RPAREN
    (19) expr -> . LPAREN NOT expr RPAREN
    (22) pred -> . LPAREN EQUALS str str RPAREN
    (23) pred -> . LPAREN CONTAINS str const RPAREN
    (24) pred -> . LPAREN CONTAINS str error RPAREN

    RPAREN          shift and go to state 63
    LPAREN          shift and go to state 31

    expr                           shift and go to state 62
    pred                           shift and go to state 33

state 51

    (19) expr -> LPAREN NOT expr . RPAREN

    RPAREN          shift and go to state 64


state 52

    (27) str -> LPAREN . CONCAT strs RPAREN
    (29) str -> LPAREN . REPLACEALL str const const RPAREN
    (30) str -> LPAREN . REPLACEALL str error const RPAREN
    (31) str -> LPAREN . REPLACEALL str const error RPAREN
    (32) str -> LPAREN . REPLACEALL str error error RPAREN

    CONCAT          shift and go to state 65
    REPLACEALL      shift and go to state 66


state 53

    (22) pred -> LPAREN EQUALS str . str RPAREN
    (25) str -> . ID
    (26) str -> . const
    (27) str -> . LPAREN CONCAT strs RPAREN
    (29) str -> . LPAREN REPLACEALL str const const RPAREN
    (30) str -> . LPAREN REPLACEALL str error const RPAREN
    (31) str -> . LPAREN REPLACEALL str const error RPAREN
    (32) str -> . LPAREN REPLACEALL str error error RPAREN
    (28) const -> . CONST

    ID              shift and go to state 54
    LPAREN          shift and go to state 52
    CONST           shift and go to state 56

    str                            shift and go to state 67
    const                          shift and go to state 55

state 54

    (25) str -> ID .

    ID              reduce using rule 25 (str -> ID .)
    LPAREN          reduce using rule 25 (str -> ID .)
    CONST           reduce using rule 25 (str -> ID .)
    error           reduce using rule 25 (str -> ID .)
    RPAREN          reduce using rule 25 (str -> ID .)


state 55

    (26) str -> const .

    ID              reduce using rule 26 (str -> const .)
    LPAREN          reduce using rule 26 (str -> const .)
    CONST           reduce using rule 26 (str -> const .)
    error           reduce using rule 26 (str -> const .)
    RPAREN          reduce using rule 26 (str -> const .)


state 56

    (28) const -> CONST .

    ID              reduce using rule 28 (const -> CONST .)
    LPAREN          reduce using rule 28 (const -> CONST .)
    CONST           reduce using rule 28 (const -> CONST .)
    error           reduce using rule 28 (const -> CONST .)
    RPAREN          reduce using rule 28 (const -> CONST .)


state 57

    (23) pred -> LPAREN CONTAINS str . const RPAREN
    (24) pred -> LPAREN CONTAINS str . error RPAREN
    (28) const -> . CONST

    error           shift and go to state 69
    CONST           shift and go to state 56

    const                          shift and go to state 68

state 58

    (7) option -> LPAREN SETOPTION COLON optionname BOOL RPAREN .

    LPAREN          reduce using rule 7 (option -> LPAREN SETOPTION COLON optionname BOOL RPAREN .)


state 59

    (12) decl -> LPAREN DECLAREFUN ID LPAREN RPAREN STRING . RPAREN

    RPAREN          shift and go to state 70


state 60

    (35) build -> LPAREN CHECKSAT RPAREN LPAREN GETMODEL . RPAREN

    RPAREN          shift and go to state 71


state 61

    (17) expr -> LPAREN AND exprs RPAREN .

    RPAREN          reduce using rule 17 (expr -> LPAREN AND exprs RPAREN .)
    LPAREN          reduce using rule 17 (expr -> LPAREN AND exprs RPAREN .)


state 62

    (21) exprs -> exprs expr .

    RPAREN          reduce using rule 21 (exprs -> exprs expr .)
    LPAREN          reduce using rule 21 (exprs -> exprs expr .)


state 63

    (18) expr -> LPAREN OR exprs RPAREN .

    RPAREN          reduce using rule 18 (expr -> LPAREN OR exprs RPAREN .)
    LPAREN          reduce using rule 18 (expr -> LPAREN OR exprs RPAREN .)


state 64

    (19) expr -> LPAREN NOT expr RPAREN .

    RPAREN          reduce using rule 19 (expr -> LPAREN NOT expr RPAREN .)
    LPAREN          reduce using rule 19 (expr -> LPAREN NOT expr RPAREN .)


state 65

    (27) str -> LPAREN CONCAT . strs RPAREN
    (33) strs -> . str
    (34) strs -> . strs str
    (25) str -> . ID
    (26) str -> . const
    (27) str -> . LPAREN CONCAT strs RPAREN
    (29) str -> . LPAREN REPLACEALL str const const RPAREN
    (30) str -> . LPAREN REPLACEALL str error const RPAREN
    (31) str -> . LPAREN REPLACEALL str const error RPAREN
    (32) str -> . LPAREN REPLACEALL str error error RPAREN
    (28) const -> . CONST

    ID              shift and go to state 54
    LPAREN          shift and go to state 52
    CONST           shift and go to state 56

    strs                           shift and go to state 72
    str                            shift and go to state 73
    const                          shift and go to state 55

state 66

    (29) str -> LPAREN REPLACEALL . str const const RPAREN
    (30) str -> LPAREN REPLACEALL . str error const RPAREN
    (31) str -> LPAREN REPLACEALL . str const error RPAREN
    (32) str -> LPAREN REPLACEALL . str error error RPAREN
    (25) str -> . ID
    (26) str -> . const
    (27) str -> . LPAREN CONCAT strs RPAREN
    (29) str -> . LPAREN REPLACEALL str const const RPAREN
    (30) str -> . LPAREN REPLACEALL str error const RPAREN
    (31) str -> . LPAREN REPLACEALL str const error RPAREN
    (32) str -> . LPAREN REPLACEALL str error error RPAREN
    (28) const -> . CONST

    ID              shift and go to state 54
    LPAREN          shift and go to state 52
    CONST           shift and go to state 56

    str                            shift and go to state 74
    const                          shift and go to state 55

state 67

    (22) pred -> LPAREN EQUALS str str . RPAREN

    RPAREN          shift and go to state 75


state 68

    (23) pred -> LPAREN CONTAINS str const . RPAREN

    RPAREN          shift and go to state 76


state 69

    (24) pred -> LPAREN CONTAINS str error . RPAREN

    RPAREN          shift and go to state 77


state 70

    (12) decl -> LPAREN DECLAREFUN ID LPAREN RPAREN STRING RPAREN .

    LPAREN          reduce using rule 12 (decl -> LPAREN DECLAREFUN ID LPAREN RPAREN STRING RPAREN .)


state 71

    (35) build -> LPAREN CHECKSAT RPAREN LPAREN GETMODEL RPAREN .

    $end            reduce using rule 35 (build -> LPAREN CHECKSAT RPAREN LPAREN GETMODEL RPAREN .)


state 72

    (27) str -> LPAREN CONCAT strs . RPAREN
    (34) strs -> strs . str
    (25) str -> . ID
    (26) str -> . const
    (27) str -> . LPAREN CONCAT strs RPAREN
    (29) str -> . LPAREN REPLACEALL str const const RPAREN
    (30) str -> . LPAREN REPLACEALL str error const RPAREN
    (31) str -> . LPAREN REPLACEALL str const error RPAREN
    (32) str -> . LPAREN REPLACEALL str error error RPAREN
    (28) const -> . CONST

    RPAREN          shift and go to state 78
    ID              shift and go to state 54
    LPAREN          shift and go to state 52
    CONST           shift and go to state 56

    str                            shift and go to state 79
    const                          shift and go to state 55

state 73

    (33) strs -> str .

    RPAREN          reduce using rule 33 (strs -> str .)
    ID              reduce using rule 33 (strs -> str .)
    LPAREN          reduce using rule 33 (strs -> str .)
    CONST           reduce using rule 33 (strs -> str .)


state 74

    (29) str -> LPAREN REPLACEALL str . const const RPAREN
    (30) str -> LPAREN REPLACEALL str . error const RPAREN
    (31) str -> LPAREN REPLACEALL str . const error RPAREN
    (32) str -> LPAREN REPLACEALL str . error error RPAREN
    (28) const -> . CONST

    error           shift and go to state 81
    CONST           shift and go to state 56

    const                          shift and go to state 80

state 75

    (22) pred -> LPAREN EQUALS str str RPAREN .

    RPAREN          reduce using rule 22 (pred -> LPAREN EQUALS str str RPAREN .)
    LPAREN          reduce using rule 22 (pred -> LPAREN EQUALS str str RPAREN .)


state 76

    (23) pred -> LPAREN CONTAINS str const RPAREN .

    RPAREN          reduce using rule 23 (pred -> LPAREN CONTAINS str const RPAREN .)
    LPAREN          reduce using rule 23 (pred -> LPAREN CONTAINS str const RPAREN .)


state 77

    (24) pred -> LPAREN CONTAINS str error RPAREN .

    RPAREN          reduce using rule 24 (pred -> LPAREN CONTAINS str error RPAREN .)
    LPAREN          reduce using rule 24 (pred -> LPAREN CONTAINS str error RPAREN .)


state 78

    (27) str -> LPAREN CONCAT strs RPAREN .

    ID              reduce using rule 27 (str -> LPAREN CONCAT strs RPAREN .)
    LPAREN          reduce using rule 27 (str -> LPAREN CONCAT strs RPAREN .)
    CONST           reduce using rule 27 (str -> LPAREN CONCAT strs RPAREN .)
    error           reduce using rule 27 (str -> LPAREN CONCAT strs RPAREN .)
    RPAREN          reduce using rule 27 (str -> LPAREN CONCAT strs RPAREN .)


state 79

    (34) strs -> strs str .

    RPAREN          reduce using rule 34 (strs -> strs str .)
    ID              reduce using rule 34 (strs -> strs str .)
    LPAREN          reduce using rule 34 (strs -> strs str .)
    CONST           reduce using rule 34 (strs -> strs str .)


state 80

    (29) str -> LPAREN REPLACEALL str const . const RPAREN
    (31) str -> LPAREN REPLACEALL str const . error RPAREN
    (28) const -> . CONST

    error           shift and go to state 83
    CONST           shift and go to state 56

    const                          shift and go to state 82

state 81

    (30) str -> LPAREN REPLACEALL str error . const RPAREN
    (32) str -> LPAREN REPLACEALL str error . error RPAREN
    (28) const -> . CONST

    error           shift and go to state 84
    CONST           shift and go to state 56

    const                          shift and go to state 85

state 82

    (29) str -> LPAREN REPLACEALL str const const . RPAREN

    RPAREN          shift and go to state 86


state 83

    (31) str -> LPAREN REPLACEALL str const error . RPAREN

    RPAREN          shift and go to state 87


state 84

    (32) str -> LPAREN REPLACEALL str error error . RPAREN

    RPAREN          shift and go to state 88


state 85

    (30) str -> LPAREN REPLACEALL str error const . RPAREN

    RPAREN          shift and go to state 89


state 86

    (29) str -> LPAREN REPLACEALL str const const RPAREN .

    ID              reduce using rule 29 (str -> LPAREN REPLACEALL str const const RPAREN .)
    LPAREN          reduce using rule 29 (str -> LPAREN REPLACEALL str const const RPAREN .)
    CONST           reduce using rule 29 (str -> LPAREN REPLACEALL str const const RPAREN .)
    error           reduce using rule 29 (str -> LPAREN REPLACEALL str const const RPAREN .)
    RPAREN          reduce using rule 29 (str -> LPAREN REPLACEALL str const const RPAREN .)


state 87

    (31) str -> LPAREN REPLACEALL str const error RPAREN .

    ID              reduce using rule 31 (str -> LPAREN REPLACEALL str const error RPAREN .)
    LPAREN          reduce using rule 31 (str -> LPAREN REPLACEALL str const error RPAREN .)
    CONST           reduce using rule 31 (str -> LPAREN REPLACEALL str const error RPAREN .)
    error           reduce using rule 31 (str -> LPAREN REPLACEALL str const error RPAREN .)
    RPAREN          reduce using rule 31 (str -> LPAREN REPLACEALL str const error RPAREN .)


state 88

    (32) str -> LPAREN REPLACEALL str error error RPAREN .

    ID              reduce using rule 32 (str -> LPAREN REPLACEALL str error error RPAREN .)
    LPAREN          reduce using rule 32 (str -> LPAREN REPLACEALL str error error RPAREN .)
    CONST           reduce using rule 32 (str -> LPAREN REPLACEALL str error error RPAREN .)
    error           reduce using rule 32 (str -> LPAREN REPLACEALL str error error RPAREN .)
    RPAREN          reduce using rule 32 (str -> LPAREN REPLACEALL str error error RPAREN .)


state 89

    (30) str -> LPAREN REPLACEALL str error const RPAREN .

    ID              reduce using rule 30 (str -> LPAREN REPLACEALL str error const RPAREN .)
    LPAREN          reduce using rule 30 (str -> LPAREN REPLACEALL str error const RPAREN .)
    CONST           reduce using rule 30 (str -> LPAREN REPLACEALL str error const RPAREN .)
    error           reduce using rule 30 (str -> LPAREN REPLACEALL str error const RPAREN .)
    RPAREN          reduce using rule 30 (str -> LPAREN REPLACEALL str error const RPAREN .)

